<?xml version="1.0" encoding="UTF-8"?>
<!-- Generated by org.testng.reporters.JUnitXMLReporter -->
<testsuite hostname="viswarajans-MacBook-Pro.local" ignored="0" name="Default test" tests="4" failures="0" timestamp="31 Mar 2019 13:08:43 GMT" time="34.42" errors="0">
  <testcase name="webViewTest" time="9.439" classname="tests.sampleTest"/>
  <testcase name="clickSourceTest" time="14.512" classname="tests.sampleTest"/>
  <testcase name="textValidateTest" time="2.075" classname="tests.sampleTest"/>
  <testcase name="touchactionValidateTest" time="8.368" classname="tests.sampleTest"/>
</testsuite> <!-- Default test -->
