<?xml version="1.0" encoding="UTF-8"?>
<!-- Generated by org.testng.reporters.JUnitXMLReporter -->
<testsuite hostname="viswarajans-MacBook-Pro.local" ignored="0" name="Default test" tests="4" failures="0" timestamp="08 Apr 2019 09:28:46 GMT" time="68.006" errors="0">
  <testcase name="webViewTest" time="37.61" classname="tests.sampleTest"/>
  <testcase name="clickSourceTest" time="17.318" classname="tests.sampleTest"/>
  <testcase name="textValidateTest" time="2.787" classname="tests.sampleTest"/>
  <testcase name="touchactionValidateTest" time="10.259" classname="tests.sampleTest"/>
</testsuite> <!-- Default test -->
