<?xml version="1.0" encoding="UTF-8"?>
<!-- Generated by org.testng.reporters.JUnitXMLReporter -->
<testsuite hostname="viswarajans-MacBook-Pro.local" ignored="0" name="Test" tests="4" failures="0" timestamp="31 Mar 2019 13:37:22 GMT" time="34.293" errors="0">
  <testcase name="webViewTest" time="9.888" classname="tests.sampleTest"/>
  <testcase name="clickSourceTest" time="14.654" classname="tests.sampleTest"/>
  <testcase name="textValidateTest" time="1.661" classname="tests.sampleTest"/>
  <testcase name="touchactionValidateTest" time="8.069" classname="tests.sampleTest"/>
</testsuite> <!-- Test -->
