<?xml version="1.0" encoding="UTF-8"?>
<testsuite xmlns:xsi="http://www.w3.org/2001/XMLSchema-instance" xsi:noNamespaceSchemaLocation="https://maven.apache.org/surefire/maven-surefire-plugin/xsd/surefire-test-report-3.0.xsd" version="3.0" name="TestSuite" time="62.602" tests="4" errors="0" skipped="0" failures="0">
  <properties>
[...]
</properties>
  <testcase name="webViewTest" classname="tests.sampleTest" time="9.889"/>
  <testcase name="clickSourceTest" classname="tests.sampleTest" time="14.655"/>
  <testcase name="textValidateTest" classname="tests.sampleTest" time="1.661"/>
  <testcase name="touchactionValidateTest" classname="tests.sampleTest" time="8.07"/>
</testsuite>